# JRE version: Java(TM) SE Runtime Environment (8.0_212-b10) (build 1.8.0_212-b10)
# Java VM: Java HotSpot(TM) 64-Bit Server VM (25.212-b10 mixed mode windows-amd64 compressed oops)
Heap:
 PSYoungGen      total 124416K, used 43622K [0x00000000eb200000, 0x00000000f3280000, 0x0000000100000000)
  eden space 117248K, 31% used [0x00000000eb200000,0x00000000ed6904d0,0x00000000f2480000)
  from space 7168K, 86% used [0x00000000f2b80000,0x00000000f3189578,0x00000000f3280000)
  to   space 7168K, 0% used [0x00000000f2480000,0x00000000f2480000,0x00000000f2b80000)
 ParOldGen       total 48640K, used 24281K [0x00000000c1600000, 0x00000000c4580000, 0x00000000eb200000)
  object space 48640K, 49% used [0x00000000c1600000,0x00000000c2db66c0,0x00000000c4580000)
 Metaspace       used 51160K, capacity 52952K, committed 53288K, reserved 1095680K
  class space    used 6982K, capacity 7349K, committed 7464K, reserved 1048576K
GC Heap History (10 events):
Event: 16.106 GC heap before
{Heap before GC invocations=12 (full 1):
 PSYoungGen      total 87040K, used 87025K [0x00000000eb200000, 0x00000000f1580000, 0x0000000100000000)
  eden space 81408K, 100% used [0x00000000eb200000,0x00000000f0180000,0x00000000f0180000)
  from space 5632K, 99% used [0x00000000f0800000,0x00000000f0d7c668,0x00000000f0d80000)
  to   space 6656K, 0% used [0x00000000f0180000,0x00000000f0180000,0x00000000f0800000)
 ParOldGen       total 29184K, used 7102K [0x00000000c1600000, 0x00000000c3280000, 0x00000000eb200000)
  object space 29184K, 24% used [0x00000000c1600000,0x00000000c1cef878,0x00000000c3280000)
 Metaspace       used 32480K, capacity 33918K, committed 34048K, reserved 1079296K
  class space    used 4290K, capacity 4596K, committed 4608K, reserved 1048576K
Event: 16.135 GC heap after
Heap after GC invocations=12 (full 1):
 PSYoungGen      total 88064K, used 6084K [0x00000000eb200000, 0x00000000f3280000, 0x0000000100000000)
  eden space 81408K, 0% used [0x00000000eb200000,0x00000000eb200000,0x00000000f0180000)
  from space 6656K, 91% used [0x00000000f0180000,0x00000000f0771188,0x00000000f0800000)
  to   space 7168K, 0% used [0x00000000f2b80000,0x00000000f2b80000,0x00000000f3280000)
 ParOldGen       total 29184K, used 9615K [0x00000000c1600000, 0x00000000c3280000, 0x00000000eb200000)
  object space 29184K, 32% used [0x00000000c1600000,0x00000000c1f63f50,0x00000000c3280000)
 Metaspace       used 32480K, capacity 33918K, committed 34048K, reserved 1079296K
  class space    used 4290K, capacity 4596K, committed 4608K, reserved 1048576K
}
Event: 17.531 GC heap before
{Heap before GC invocations=13 (full 1):
 PSYoungGen      total 88064K, used 31488K [0x00000000eb200000, 0x00000000f3280000, 0x0000000100000000)
  eden space 81408K, 31% used [0x00000000eb200000,0x00000000ecaceec8,0x00000000f0180000)
  from space 6656K, 91% used [0x00000000f0180000,0x00000000f0771188,0x00000000f0800000)
  to   space 7168K, 0% used [0x00000000f2b80000,0x00000000f2b80000,0x00000000f3280000)
 ParOldGen       total 29184K, used 9615K [0x00000000c1600000, 0x00000000c3280000, 0x00000000eb200000)
  object space 29184K, 32% used [0x00000000c1600000,0x00000000c1f63f50,0x00000000c3280000)
 Metaspace       used 33958K, capacity 35440K, committed 35496K, reserved 1079296K
  class space    used 4453K, capacity 4747K, committed 4776K, reserved 1048576K
Event: 17.559 GC heap after
Heap after GC invocations=13 (full 1):
 PSYoungGen      total 124416K, used 2197K [0x00000000eb200000, 0x00000000f3280000, 0x0000000100000000)
  eden space 117248K, 0% used [0x00000000eb200000,0x00000000eb200000,0x00000000f2480000)
  from space 7168K, 30% used [0x00000000f2b80000,0x00000000f2da56b0,0x00000000f3280000)
  to   space 7168K, 0% used [0x00000000f2480000,0x00000000f2480000,0x00000000f2b80000)
 ParOldGen       total 29184K, used 12367K [0x00000000c1600000, 0x00000000c3280000, 0x00000000eb200000)
  object space 29184K, 42% used [0x00000000c1600000,0x00000000c2213f60,0x00000000c3280000)
 Metaspace       used 33958K, capacity 35440K, committed 35496K, reserved 1079296K
  class space    used 4453K, capacity 4747K, committed 4776K, reserved 1048576K
}
Event: 17.559 GC heap before
{Heap before GC invocations=14 (full 2):
 PSYoungGen      total 124416K, used 2197K [0x00000000eb200000, 0x00000000f3280000, 0x0000000100000000)
  eden space 117248K, 0% used [0x00000000eb200000,0x00000000eb200000,0x00000000f2480000)
  from space 7168K, 30% used [0x00000000f2b80000,0x00000000f2da56b0,0x00000000f3280000)
  to   space 7168K, 0% used [0x00000000f2480000,0x00000000f2480000,0x00000000f2b80000)
 ParOldGen       total 29184K, used 12367K [0x00000000c1600000, 0x00000000c3280000, 0x00000000eb200000)
  object space 29184K, 42% used [0x00000000c1600000,0x00000000c2213f60,0x00000000c3280000)
 Metaspace       used 33958K, capacity 35440K, committed 35496K, reserved 1079296K
  class space    used 4453K, capacity 4747K, committed 4776K, reserved 1048576K
Event: 17.852 GC heap after
Heap after GC invocations=14 (full 2):
 PSYoungGen      total 124416K, used 0K [0x00000000eb200000, 0x00000000f3280000, 0x0000000100000000)
  eden space 117248K, 0% used [0x00000000eb200000,0x00000000eb200000,0x00000000f2480000)
  from space 7168K, 0% used [0x00000000f2b80000,0x00000000f2b80000,0x00000000f3280000)
  to   space 7168K, 0% used [0x00000000f2480000,0x00000000f2480000,0x00000000f2b80000)
 ParOldGen       total 48640K, used 12970K [0x00000000c1600000, 0x00000000c4580000, 0x00000000eb200000)
  object space 48640K, 26% used [0x00000000c1600000,0x00000000c22aaa28,0x00000000c4580000)
 Metaspace       used 33958K, capacity 35440K, committed 35496K, reserved 1079296K
  class space    used 4453K, capacity 4747K, committed 4776K, reserved 1048576K
}
Event: 24.968 GC heap before
{Heap before GC invocations=15 (full 2):
 PSYoungGen      total 124416K, used 117248K [0x00000000eb200000, 0x00000000f3280000, 0x0000000100000000)
  eden space 117248K, 100% used [0x00000000eb200000,0x00000000f2480000,0x00000000f2480000)
  from space 7168K, 0% used [0x00000000f2b80000,0x00000000f2b80000,0x00000000f3280000)
  to   space 7168K, 0% used [0x00000000f2480000,0x00000000f2480000,0x00000000f2b80000)
 ParOldGen       total 48640K, used 12970K [0x00000000c1600000, 0x00000000c4580000, 0x00000000eb200000)
  object space 48640K, 26% used [0x00000000c1600000,0x00000000c22aaa28,0x00000000c4580000)
 Metaspace       used 47537K, capacity 49226K, committed 49704K, reserved 1091584K
  class space    used 6510K, capacity 6828K, committed 6952K, reserved 1048576K
Event: 25.083 GC heap after
Heap after GC invocations=15 (full 2):
 PSYoungGen      total 124416K, used 7166K [0x00000000eb200000, 0x00000000f3280000, 0x0000000100000000)
  eden space 117248K, 0% used [0x00000000eb200000,0x00000000eb200000,0x00000000f2480000)
  from space 7168K, 99% used [0x00000000f2480000,0x00000000f2b7fba0,0x00000000f2b80000)
  to   space 7168K, 0% used [0x00000000f2b80000,0x00000000f2b80000,0x00000000f3280000)
 ParOldGen       total 48640K, used 20825K [0x00000000c1600000, 0x00000000c4580000, 0x00000000eb200000)
  object space 48640K, 42% used [0x00000000c1600000,0x00000000c2a56420,0x00000000c4580000)
 Metaspace       used 47537K, capacity 49226K, committed 49704K, reserved 1091584K
  class space    used 6510K, capacity 6828K, committed 6952K, reserved 1048576K
}
Event: 29.486 GC heap before
{Heap before GC invocations=16 (full 2):
 PSYoungGen      total 124416K, used 124414K [0x00000000eb200000, 0x00000000f3280000, 0x0000000100000000)
  eden space 117248K, 100% used [0x00000000eb200000,0x00000000f2480000,0x00000000f2480000)
  from space 7168K, 99% used [0x00000000f2480000,0x00000000f2b7fba0,0x00000000f2b80000)
  to   space 7168K, 0% used [0x00000000f2b80000,0x00000000f2b80000,0x00000000f3280000)
 ParOldGen       total 48640K, used 20825K [0x00000000c1600000, 0x00000000c4580000, 0x00000000eb200000)
  object space 48640K, 42% used [0x00000000c1600000,0x00000000c2a56420,0x00000000c4580000)
 Metaspace       used 51028K, capacity 52842K, committed 53288K, reserved 1095680K
  class space    used 6978K, capacity 7342K, committed 7464K, reserved 1048576K
Event: 29.522 GC heap after
Heap after GC invocations=16 (full 2):
 PSYoungGen      total 124416K, used 6181K [0x00000000eb200000, 0x00000000f3280000, 0x0000000100000000)
  eden space 117248K, 0% used [0x00000000eb200000,0x00000000eb200000,0x00000000f2480000)
  from space 7168K, 86% used [0x00000000f2b80000,0x00000000f3189578,0x00000000f3280000)
  to   space 7168K, 0% used [0x00000000f2480000,0x00000000f2480000,0x00000000f2b80000)
 ParOldGen       total 48640K, used 24281K [0x00000000c1600000, 0x00000000c4580000, 0x00000000eb200000)
  object space 48640K, 49% used [0x00000000c1600000,0x00000000c2db66c0,0x00000000c4580000)
 Metaspace       used 51028K, capacity 52842K, committed 53288K, reserved 1095680K
  class space    used 6978K, capacity 7342K, committed 7464K, reserved 1048576K
}

