# JRE version: Java(TM) SE Runtime Environment (8.0_212-b10) (build 1.8.0_212-b10)
# Java VM: Java HotSpot(TM) 64-Bit Server VM (25.212-b10 mixed mode windows-amd64 compressed oops)
Heap:
 PSYoungGen      total 190464K, used 55463K [0x00000000eb200000, 0x00000000fb600000, 0x0000000100000000)
  eden space 175616K, 31% used [0x00000000eb200000,0x00000000ee829d00,0x00000000f5d80000)
  from space 14848K, 0% used [0x00000000f5d80000,0x00000000f5d80000,0x00000000f6c00000)
  to   space 14848K, 0% used [0x00000000fa780000,0x00000000fa780000,0x00000000fb600000)
 ParOldGen       total 76800K, used 26000K [0x00000000c1600000, 0x00000000c6100000, 0x00000000eb200000)
  object space 76800K, 33% used [0x00000000c1600000,0x00000000c2f642f0,0x00000000c6100000)
 Metaspace       used 59068K, capacity 62218K, committed 62336K, reserved 1103872K
  class space    used 8162K, capacity 8728K, committed 8832K, reserved 1048576K
GC Heap History (10 events):
Event: 15.894 GC heap before
{Heap before GC invocations=12 (full 2):
 PSYoungGen      total 143360K, used 6111K [0x00000000eb200000, 0x00000000f4f00000, 0x0000000100000000)
  eden space 133120K, 0% used [0x00000000eb200000,0x00000000eb200000,0x00000000f3400000)
  from space 10240K, 59% used [0x00000000f3e00000,0x00000000f43f7d88,0x00000000f4800000)
  to   space 10240K, 0% used [0x00000000f3400000,0x00000000f3400000,0x00000000f3e00000)
 ParOldGen       total 33792K, used 16381K [0x00000000c1600000, 0x00000000c3700000, 0x00000000eb200000)
  object space 33792K, 48% used [0x00000000c1600000,0x00000000c25ff468,0x00000000c3700000)
 Metaspace       used 33627K, capacity 35354K, committed 35496K, reserved 1079296K
  class space    used 4432K, capacity 4782K, committed 4864K, reserved 1048576K
Event: 16.031 GC heap after
Heap after GC invocations=12 (full 2):
 PSYoungGen      total 143360K, used 0K [0x00000000eb200000, 0x00000000f4f00000, 0x0000000100000000)
  eden space 133120K, 0% used [0x00000000eb200000,0x00000000eb200000,0x00000000f3400000)
  from space 10240K, 0% used [0x00000000f3e00000,0x00000000f3e00000,0x00000000f4800000)
  to   space 10240K, 0% used [0x00000000f3400000,0x00000000f3400000,0x00000000f3e00000)
 ParOldGen       total 52224K, used 14936K [0x00000000c1600000, 0x00000000c4900000, 0x00000000eb200000)
  object space 52224K, 28% used [0x00000000c1600000,0x00000000c2496310,0x00000000c4900000)
 Metaspace       used 33627K, capacity 35354K, committed 35496K, reserved 1079296K
  class space    used 4432K, capacity 4782K, committed 4864K, reserved 1048576K
}
Event: 24.067 GC heap before
{Heap before GC invocations=13 (full 2):
 PSYoungGen      total 143360K, used 133120K [0x00000000eb200000, 0x00000000f4f00000, 0x0000000100000000)
  eden space 133120K, 100% used [0x00000000eb200000,0x00000000f3400000,0x00000000f3400000)
  from space 10240K, 0% used [0x00000000f3e00000,0x00000000f3e00000,0x00000000f4800000)
  to   space 10240K, 0% used [0x00000000f3400000,0x00000000f3400000,0x00000000f3e00000)
 ParOldGen       total 52224K, used 14936K [0x00000000c1600000, 0x00000000c4900000, 0x00000000eb200000)
  object space 52224K, 28% used [0x00000000c1600000,0x00000000c2496310,0x00000000c4900000)
 Metaspace       used 47991K, capacity 49960K, committed 50304K, reserved 1093632K
  class space    used 6573K, capacity 6955K, committed 7040K, reserved 1048576K
Event: 24.116 GC heap after
Heap after GC invocations=13 (full 2):
 PSYoungGen      total 143360K, used 10236K [0x00000000eb200000, 0x00000000f7980000, 0x0000000100000000)
  eden space 133120K, 0% used [0x00000000eb200000,0x00000000eb200000,0x00000000f3400000)
  from space 10240K, 99% used [0x00000000f3400000,0x00000000f3dff240,0x00000000f3e00000)
  to   space 13824K, 0% used [0x00000000f6c00000,0x00000000f6c00000,0x00000000f7980000)
 ParOldGen       total 52224K, used 21659K [0x00000000c1600000, 0x00000000c4900000, 0x00000000eb200000)
  object space 52224K, 41% used [0x00000000c1600000,0x00000000c2b26da8,0x00000000c4900000)
 Metaspace       used 47991K, capacity 49960K, committed 50304K, reserved 1093632K
  class space    used 6573K, capacity 6955K, committed 7040K, reserved 1048576K
}
Event: 30.556 GC heap before
{Heap before GC invocations=14 (full 2):
 PSYoungGen      total 143360K, used 143356K [0x00000000eb200000, 0x00000000f7980000, 0x0000000100000000)
  eden space 133120K, 100% used [0x00000000eb200000,0x00000000f3400000,0x00000000f3400000)
  from space 10240K, 99% used [0x00000000f3400000,0x00000000f3dff240,0x00000000f3e00000)
  to   space 13824K, 0% used [0x00000000f6c00000,0x00000000f6c00000,0x00000000f7980000)
 ParOldGen       total 52224K, used 21659K [0x00000000c1600000, 0x00000000c4900000, 0x00000000eb200000)
  object space 52224K, 41% used [0x00000000c1600000,0x00000000c2b26da8,0x00000000c4900000)
 Metaspace       used 53853K, capacity 56548K, committed 56832K, reserved 1097728K
  class space    used 7426K, capacity 7895K, committed 7936K, reserved 1048576K
Event: 30.648 GC heap after
Heap after GC invocations=14 (full 2):
 PSYoungGen      total 189440K, used 11031K [0x00000000eb200000, 0x00000000f7a80000, 0x0000000100000000)
  eden space 175616K, 0% used [0x00000000eb200000,0x00000000eb200000,0x00000000f5d80000)
  from space 13824K, 79% used [0x00000000f6c00000,0x00000000f76c5f08,0x00000000f7980000)
  to   space 14848K, 0% used [0x00000000f5d80000,0x00000000f5d80000,0x00000000f6c00000)
 ParOldGen       total 52224K, used 27147K [0x00000000c1600000, 0x00000000c4900000, 0x00000000eb200000)
  object space 52224K, 51% used [0x00000000c1600000,0x00000000c3082c08,0x00000000c4900000)
 Metaspace       used 53853K, capacity 56548K, committed 56832K, reserved 1097728K
  class space    used 7426K, capacity 7895K, committed 7936K, reserved 1048576K
}
Event: 38.393 GC heap before
{Heap before GC invocations=15 (full 2):
 PSYoungGen      total 189440K, used 52632K [0x00000000eb200000, 0x00000000f7a80000, 0x0000000100000000)
  eden space 175616K, 23% used [0x00000000eb200000,0x00000000edaa0188,0x00000000f5d80000)
  from space 13824K, 79% used [0x00000000f6c00000,0x00000000f76c5f08,0x00000000f7980000)
  to   space 14848K, 0% used [0x00000000f5d80000,0x00000000f5d80000,0x00000000f6c00000)
 ParOldGen       total 52224K, used 27147K [0x00000000c1600000, 0x00000000c4900000, 0x00000000eb200000)
  object space 52224K, 51% used [0x00000000c1600000,0x00000000c3082c08,0x00000000c4900000)
 Metaspace       used 56069K, capacity 59118K, committed 59160K, reserved 1099776K
  class space    used 7759K, capacity 8310K, committed 8320K, reserved 1048576K
Event: 38.671 GC heap after
Heap after GC invocations=15 (full 2):
 PSYoungGen      total 190464K, used 3468K [0x00000000eb200000, 0x00000000fb600000, 0x0000000100000000)
  eden space 175616K, 0% used [0x00000000eb200000,0x00000000eb200000,0x00000000f5d80000)
  from space 14848K, 23% used [0x00000000f5d80000,0x00000000f60e3288,0x00000000f6c00000)
  to   space 14848K, 0% used [0x00000000fa780000,0x00000000fa780000,0x00000000fb600000)
 ParOldGen       total 52224K, used 32963K [0x00000000c1600000, 0x00000000c4900000, 0x00000000eb200000)
  object space 52224K, 63% used [0x00000000c1600000,0x00000000c3630f68,0x00000000c4900000)
 Metaspace       used 56069K, capacity 59118K, committed 59160K, reserved 1099776K
  class space    used 7759K, capacity 8310K, committed 8320K, reserved 1048576K
}
Event: 38.671 GC heap before
{Heap before GC invocations=16 (full 3):
 PSYoungGen      total 190464K, used 3468K [0x00000000eb200000, 0x00000000fb600000, 0x0000000100000000)
  eden space 175616K, 0% used [0x00000000eb200000,0x00000000eb200000,0x00000000f5d80000)
  from space 14848K, 23% used [0x00000000f5d80000,0x00000000f60e3288,0x00000000f6c00000)
  to   space 14848K, 0% used [0x00000000fa780000,0x00000000fa780000,0x00000000fb600000)
 ParOldGen       total 52224K, used 32963K [0x00000000c1600000, 0x00000000c4900000, 0x00000000eb200000)
  object space 52224K, 63% used [0x00000000c1600000,0x00000000c3630f68,0x00000000c4900000)
 Metaspace       used 56069K, capacity 59118K, committed 59160K, reserved 1099776K
  class space    used 7759K, capacity 8310K, committed 8320K, reserved 1048576K
Event: 39.824 GC heap after
Heap after GC invocations=16 (full 3):
 PSYoungGen      total 190464K, used 0K [0x00000000eb200000, 0x00000000fb600000, 0x0000000100000000)
  eden space 175616K, 0% used [0x00000000eb200000,0x00000000eb200000,0x00000000f5d80000)
  from space 14848K, 0% used [0x00000000f5d80000,0x00000000f5d80000,0x00000000f6c00000)
  to   space 14848K, 0% used [0x00000000fa780000,0x00000000fa780000,0x00000000fb600000)
 ParOldGen       total 76800K, used 26000K [0x00000000c1600000, 0x00000000c6100000, 0x00000000eb200000)
  object space 76800K, 33% used [0x00000000c1600000,0x00000000c2f642f0,0x00000000c6100000)
 Metaspace       used 56069K, capacity 59118K, committed 59160K, reserved 1099776K
  class space    used 7759K, capacity 8310K, committed 8320K, reserved 1048576K
}

